[    5306ms] [WARNING] LaTeX-incompatible input and strict mode is set to 'warn': Unrecognized Unicode character "⁡" (8289) [unknownSymbol] @ https://cdn.jsdelivr.net/npm/katex@0.16.9/dist/katex.min.js:0
[    5307ms] [WARNING] LaTeX-incompatible input and strict mode is set to 'warn': Unrecognized Unicode character "​" (8203) [unknownSymbol] @ https://cdn.jsdelivr.net/npm/katex@0.16.9/dist/katex.min.js:0
[    5307ms] [WARNING] LaTeX-incompatible input and strict mode is set to 'warn': Unrecognized Unicode character "​" (8203) [unknownSymbol] @ https://cdn.jsdelivr.net/npm/katex@0.16.9/dist/katex.min.js:0
[    5307ms] [WARNING] LaTeX-incompatible input and strict mode is set to 'warn': Unrecognized Unicode character "​" (8203) [unknownSymbol] @ https://cdn.jsdelivr.net/npm/katex@0.16.9/dist/katex.min.js:0
[    5307ms] [WARNING] LaTeX-incompatible input and strict mode is set to 'warn': Unrecognized Unicode character "​" (8203) [unknownSymbol] @ https://cdn.jsdelivr.net/npm/katex@0.16.9/dist/katex.min.js:0
[    5307ms] [WARNING] No character metrics for '⁡' in style 'Main-Regular' and mode 'text' @ https://cdn.jsdelivr.net/npm/katex@0.16.9/dist/katex.min.js:0
[    5307ms] [WARNING] No character metrics for '​' in style 'Main-Regular' and mode 'text' @ https://cdn.jsdelivr.net/npm/katex@0.16.9/dist/katex.min.js:0
[    5307ms] [WARNING] No character metrics for '​' in style 'Main-Regular' and mode 'text' @ https://cdn.jsdelivr.net/npm/katex@0.16.9/dist/katex.min.js:0
[    5307ms] [WARNING] No character metrics for '​' in style 'Main-Regular' and mode 'text' @ https://cdn.jsdelivr.net/npm/katex@0.16.9/dist/katex.min.js:0
[    5307ms] [WARNING] No character metrics for '​' in style 'Main-Regular' and mode 'text' @ https://cdn.jsdelivr.net/npm/katex@0.16.9/dist/katex.min.js:0
[    5308ms] [WARNING] LaTeX-incompatible input and strict mode is set to 'warn': Unrecognized Unicode character "⁡" (8289) [unknownSymbol] @ https://cdn.jsdelivr.net/npm/katex@0.16.9/dist/katex.min.js:0
[    5308ms] [WARNING] LaTeX-incompatible input and strict mode is set to 'warn': Unrecognized Unicode character "​" (8203) [unknownSymbol] @ https://cdn.jsdelivr.net/npm/katex@0.16.9/dist/katex.min.js:0
[    5308ms] [WARNING] LaTeX-incompatible input and strict mode is set to 'warn': Unrecognized Unicode character "​" (8203) [unknownSymbol] @ https://cdn.jsdelivr.net/npm/katex@0.16.9/dist/katex.min.js:0
[    5308ms] [WARNING] LaTeX-incompatible input and strict mode is set to 'warn': Unrecognized Unicode character "​" (8203) [unknownSymbol] @ https://cdn.jsdelivr.net/npm/katex@0.16.9/dist/katex.min.js:0
[    5308ms] [WARNING] LaTeX-incompatible input and strict mode is set to 'warn': Unrecognized Unicode character "​" (8203) [unknownSymbol] @ https://cdn.jsdelivr.net/npm/katex@0.16.9/dist/katex.min.js:0
[    5308ms] [WARNING] No character metrics for '⁡' in style 'Main-Regular' and mode 'text' @ https://cdn.jsdelivr.net/npm/katex@0.16.9/dist/katex.min.js:0
[    5308ms] [WARNING] No character metrics for '​' in style 'Main-Regular' and mode 'text' @ https://cdn.jsdelivr.net/npm/katex@0.16.9/dist/katex.min.js:0
[    5308ms] [WARNING] No character metrics for '​' in style 'Main-Regular' and mode 'text' @ https://cdn.jsdelivr.net/npm/katex@0.16.9/dist/katex.min.js:0
[    5308ms] [WARNING] No character metrics for '​' in style 'Main-Regular' and mode 'text' @ https://cdn.jsdelivr.net/npm/katex@0.16.9/dist/katex.min.js:0
[    5308ms] [WARNING] No character metrics for '​' in style 'Main-Regular' and mode 'text' @ https://cdn.jsdelivr.net/npm/katex@0.16.9/dist/katex.min.js:0
[    5309ms] [WARNING] LaTeX-incompatible input and strict mode is set to 'warn': Unrecognized Unicode character "​" (8203) [unknownSymbol] @ https://cdn.jsdelivr.net/npm/katex@0.16.9/dist/katex.min.js:0
[    5309ms] [WARNING] LaTeX-incompatible input and strict mode is set to 'warn': Unrecognized Unicode character "​" (8203) [unknownSymbol] @ https://cdn.jsdelivr.net/npm/katex@0.16.9/dist/katex.min.js:0
[    5309ms] [WARNING] LaTeX-incompatible input and strict mode is set to 'warn': Unrecognized Unicode character "​" (8203) [unknownSymbol] @ https://cdn.jsdelivr.net/npm/katex@0.16.9/dist/katex.min.js:0
[    5309ms] [WARNING] LaTeX-incompatible input and strict mode is set to 'warn': Unrecognized Unicode character "​" (8203) [unknownSymbol] @ https://cdn.jsdelivr.net/npm/katex@0.16.9/dist/katex.min.js:0
[    5309ms] [WARNING] LaTeX-incompatible input and strict mode is set to 'warn': Unrecognized Unicode character "​" (8203) [unknownSymbol] @ https://cdn.jsdelivr.net/npm/katex@0.16.9/dist/katex.min.js:0
[    5309ms] [WARNING] LaTeX-incompatible input and strict mode is set to 'warn': Unrecognized Unicode character "​" (8203) [unknownSymbol] @ https://cdn.jsdelivr.net/npm/katex@0.16.9/dist/katex.min.js:0
[    5309ms] [WARNING] No character metrics for '​' in style 'Main-Regular' and mode 'text' @ https://cdn.jsdelivr.net/npm/katex@0.16.9/dist/katex.min.js:0
[    5309ms] [WARNING] No character metrics for '​' in style 'Main-Regular' and mode 'text' @ https://cdn.jsdelivr.net/npm/katex@0.16.9/dist/katex.min.js:0
[    5309ms] [WARNING] No character metrics for '​' in style 'Main-Regular' and mode 'text' @ https://cdn.jsdelivr.net/npm/katex@0.16.9/dist/katex.min.js:0
[    5309ms] [WARNING] No character metrics for '​' in style 'Main-Regular' and mode 'text' @ https://cdn.jsdelivr.net/npm/katex@0.16.9/dist/katex.min.js:0
[    5309ms] [WARNING] No character metrics for '​' in style 'Main-Regular' and mode 'text' @ https://cdn.jsdelivr.net/npm/katex@0.16.9/dist/katex.min.js:0
[    5309ms] [WARNING] No character metrics for '​' in style 'Main-Regular' and mode 'text' @ https://cdn.jsdelivr.net/npm/katex@0.16.9/dist/katex.min.js:0
[    5310ms] [WARNING] LaTeX-incompatible input and strict mode is set to 'warn': Unrecognized Unicode character "​" (8203) [unknownSymbol] @ https://cdn.jsdelivr.net/npm/katex@0.16.9/dist/katex.min.js:0
[    5310ms] [WARNING] LaTeX-incompatible input and strict mode is set to 'warn': Unrecognized Unicode character "​" (8203) [unknownSymbol] @ https://cdn.jsdelivr.net/npm/katex@0.16.9/dist/katex.min.js:0
[    5310ms] [WARNING] LaTeX-incompatible input and strict mode is set to 'warn': Unrecognized Unicode character "​" (8203) [unknownSymbol] @ https://cdn.jsdelivr.net/npm/katex@0.16.9/dist/katex.min.js:0
[    5310ms] [WARNING] LaTeX-incompatible input and strict mode is set to 'warn': Unrecognized Unicode character "​" (8203) [unknownSymbol] @ https://cdn.jsdelivr.net/npm/katex@0.16.9/dist/katex.min.js:0
[    5310ms] [WARNING] LaTeX-incompatible input and strict mode is set to 'warn': Unrecognized Unicode character "​" (8203) [unknownSymbol] @ https://cdn.jsdelivr.net/npm/katex@0.16.9/dist/katex.min.js:0
[    5310ms] [WARNING] LaTeX-incompatible input and strict mode is set to 'warn': Unrecognized Unicode character "​" (8203) [unknownSymbol] @ https://cdn.jsdelivr.net/npm/katex@0.16.9/dist/katex.min.js:0
[    5310ms] [WARNING] No character metrics for '​' in style 'Main-Regular' and mode 'text' @ https://cdn.jsdelivr.net/npm/katex@0.16.9/dist/katex.min.js:0
[    5310ms] [WARNING] No character metrics for '​' in style 'Main-Regular' and mode 'text' @ https://cdn.jsdelivr.net/npm/katex@0.16.9/dist/katex.min.js:0
[    5310ms] [WARNING] No character metrics for '​' in style 'Main-Regular' and mode 'text' @ https://cdn.jsdelivr.net/npm/katex@0.16.9/dist/katex.min.js:0
[    5310ms] [WARNING] No character metrics for '​' in style 'Main-Regular' and mode 'text' @ https://cdn.jsdelivr.net/npm/katex@0.16.9/dist/katex.min.js:0
[    5310ms] [WARNING] No character metrics for '​' in style 'Main-Regular' and mode 'text' @ https://cdn.jsdelivr.net/npm/katex@0.16.9/dist/katex.min.js:0
[    5310ms] [WARNING] No character metrics for '​' in style 'Main-Regular' and mode 'text' @ https://cdn.jsdelivr.net/npm/katex@0.16.9/dist/katex.min.js:0
[    5311ms] [WARNING] LaTeX-incompatible input and strict mode is set to 'warn': Unrecognized Unicode character "​" (8203) [unknownSymbol] @ https://cdn.jsdelivr.net/npm/katex@0.16.9/dist/katex.min.js:0
[    5311ms] [WARNING] LaTeX-incompatible input and strict mode is set to 'warn': Unrecognized Unicode character "​" (8203) [unknownSymbol] @ https://cdn.jsdelivr.net/npm/katex@0.16.9/dist/katex.min.js:0
[    5311ms] [WARNING] No character metrics for '​' in style 'Main-Regular' and mode 'text' @ https://cdn.jsdelivr.net/npm/katex@0.16.9/dist/katex.min.js:0
[    5311ms] [WARNING] No character metrics for '​' in style 'Main-Regular' and mode 'text' @ https://cdn.jsdelivr.net/npm/katex@0.16.9/dist/katex.min.js:0
[    5311ms] [WARNING] LaTeX-incompatible input and strict mode is set to 'warn': Unrecognized Unicode character "​" (8203) [unknownSymbol] @ https://cdn.jsdelivr.net/npm/katex@0.16.9/dist/katex.min.js:0
[    5311ms] [WARNING] LaTeX-incompatible input and strict mode is set to 'warn': Unrecognized Unicode character "​" (8203) [unknownSymbol] @ https://cdn.jsdelivr.net/npm/katex@0.16.9/dist/katex.min.js:0
[    5311ms] [WARNING] No character metrics for '​' in style 'Main-Regular' and mode 'text' @ https://cdn.jsdelivr.net/npm/katex@0.16.9/dist/katex.min.js:0
[    5311ms] [WARNING] No character metrics for '​' in style 'Main-Regular' and mode 'text' @ https://cdn.jsdelivr.net/npm/katex@0.16.9/dist/katex.min.js:0
[    5312ms] [WARNING] LaTeX-incompatible input and strict mode is set to 'warn': Unrecognized Unicode character "​" (8203) [unknownSymbol] @ https://cdn.jsdelivr.net/npm/katex@0.16.9/dist/katex.min.js:0
[    5312ms] [WARNING] No character metrics for '​' in style 'Main-Regular' and mode 'text' @ https://cdn.jsdelivr.net/npm/katex@0.16.9/dist/katex.min.js:0
[    5312ms] [WARNING] LaTeX-incompatible input and strict mode is set to 'warn': Unrecognized Unicode character "​" (8203) [unknownSymbol] @ https://cdn.jsdelivr.net/npm/katex@0.16.9/dist/katex.min.js:0
[    5312ms] [WARNING] No character metrics for '​' in style 'Main-Regular' and mode 'text' @ https://cdn.jsdelivr.net/npm/katex@0.16.9/dist/katex.min.js:0
[    5312ms] [WARNING] LaTeX-incompatible input and strict mode is set to 'warn': Unrecognized Unicode character "⁡" (8289) [unknownSymbol] @ https://cdn.jsdelivr.net/npm/katex@0.16.9/dist/katex.min.js:0
[    5312ms] [WARNING] LaTeX-incompatible input and strict mode is set to 'warn': Unrecognized Unicode character " " (8201) [unknownSymbol] @ https://cdn.jsdelivr.net/npm/katex@0.16.9/dist/katex.min.js:0
[    5312ms] [WARNING] LaTeX-incompatible input and strict mode is set to 'warn': Unrecognized Unicode character "⁣" (8291) [unknownSymbol] @ https://cdn.jsdelivr.net/npm/katex@0.16.9/dist/katex.min.js:0
[    5312ms] [WARNING] LaTeX-incompatible input and strict mode is set to 'warn': Unrecognized Unicode character "⁡" (8289) [unknownSymbol] @ https://cdn.jsdelivr.net/npm/katex@0.16.9/dist/katex.min.js:0
[    5313ms] [WARNING] LaTeX-incompatible input and strict mode is set to 'warn': Unrecognized Unicode character "⁡" (8289) [unknownSymbol] @ https://cdn.jsdelivr.net/npm/katex@0.16.9/dist/katex.min.js:0
[    5313ms] [WARNING] LaTeX-incompatible input and strict mode is set to 'warn': Unrecognized Unicode character "​" (8203) [unknownSymbol] @ https://cdn.jsdelivr.net/npm/katex@0.16.9/dist/katex.min.js:0
[    5313ms] [WARNING] LaTeX-incompatible input and strict mode is set to 'warn': Unrecognized Unicode character "​" (8203) [unknownSymbol] @ https://cdn.jsdelivr.net/npm/katex@0.16.9/dist/katex.min.js:0
[    5313ms] [WARNING] LaTeX-incompatible input and strict mode is set to 'warn': Unrecognized Unicode character "​" (8203) [unknownSymbol] @ https://cdn.jsdelivr.net/npm/katex@0.16.9/dist/katex.min.js:0
[    5313ms] [WARNING] LaTeX-incompatible input and strict mode is set to 'warn': Unrecognized Unicode character "​" (8203) [unknownSymbol] @ https://cdn.jsdelivr.net/npm/katex@0.16.9/dist/katex.min.js:0
[    5313ms] [WARNING] LaTeX-incompatible input and strict mode is set to 'warn': Unrecognized Unicode character "​" (8203) [unknownSymbol] @ https://cdn.jsdelivr.net/npm/katex@0.16.9/dist/katex.min.js:0
[    5313ms] [WARNING] LaTeX-incompatible input and strict mode is set to 'warn': Unrecognized Unicode character "​" (8203) [unknownSymbol] @ https://cdn.jsdelivr.net/npm/katex@0.16.9/dist/katex.min.js:0
[    5313ms] [WARNING] LaTeX-incompatible input and strict mode is set to 'warn': Unrecognized Unicode character "​" (8203) [unknownSymbol] @ https://cdn.jsdelivr.net/npm/katex@0.16.9/dist/katex.min.js:0
[    5313ms] [WARNING] LaTeX-incompatible input and strict mode is set to 'warn': Unrecognized Unicode character "​" (8203) [unknownSymbol] @ https://cdn.jsdelivr.net/npm/katex@0.16.9/dist/katex.min.js:0
[    5313ms] [WARNING] LaTeX-incompatible input and strict mode is set to 'warn': Unrecognized Unicode character "​" (8203) [unknownSymbol] @ https://cdn.jsdelivr.net/npm/katex@0.16.9/dist/katex.min.js:0
[    5313ms] [WARNING] LaTeX-incompatible input and strict mode is set to 'warn': Unrecognized Unicode character "​" (8203) [unknownSymbol] @ https://cdn.jsdelivr.net/npm/katex@0.16.9/dist/katex.min.js:0
[    5313ms] [WARNING] LaTeX-incompatible input and strict mode is set to 'warn': Unrecognized Unicode character "​" (8203) [unknownSymbol] @ https://cdn.jsdelivr.net/npm/katex@0.16.9/dist/katex.min.js:0
[    5313ms] [WARNING] No character metrics for '⁡' in style 'Main-Regular' and mode 'text' @ https://cdn.jsdelivr.net/npm/katex@0.16.9/dist/katex.min.js:0
[    5313ms] [WARNING] No character metrics for ' ' in style 'Main-Regular' and mode 'text' @ https://cdn.jsdelivr.net/npm/katex@0.16.9/dist/katex.min.js:0
[    5313ms] [WARNING] No character metrics for '⁣' in style 'Main-Regular' and mode 'text' @ https://cdn.jsdelivr.net/npm/katex@0.16.9/dist/katex.min.js:0
[    5313ms] [WARNING] No character metrics for '⁡' in style 'Main-Regular' and mode 'text' @ https://cdn.jsdelivr.net/npm/katex@0.16.9/dist/katex.min.js:0
[    5313ms] [WARNING] No character metrics for '⁡' in style 'Main-Regular' and mode 'text' @ https://cdn.jsdelivr.net/npm/katex@0.16.9/dist/katex.min.js:0
[    5313ms] [WARNING] No character metrics for '​' in style 'Main-Regular' and mode 'text' @ https://cdn.jsdelivr.net/npm/katex@0.16.9/dist/katex.min.js:0
[    5313ms] [WARNING] No character metrics for '​' in style 'Main-Regular' and mode 'text' @ https://cdn.jsdelivr.net/npm/katex@0.16.9/dist/katex.min.js:0
[    5313ms] [WARNING] No character metrics for '​' in style 'Main-Regular' and mode 'text' @ https://cdn.jsdelivr.net/npm/katex@0.16.9/dist/katex.min.js:0
[    5313ms] [WARNING] No character metrics for '​' in style 'Main-Regular' and mode 'text' @ https://cdn.jsdelivr.net/npm/katex@0.16.9/dist/katex.min.js:0
[    5314ms] [WARNING] No character metrics for '​' in style 'Main-Regular' and mode 'text' @ https://cdn.jsdelivr.net/npm/katex@0.16.9/dist/katex.min.js:0
[    5314ms] [WARNING] No character metrics for '​' in style 'Main-Regular' and mode 'text' @ https://cdn.jsdelivr.net/npm/katex@0.16.9/dist/katex.min.js:0
[    5314ms] [WARNING] No character metrics for '​' in style 'Main-Regular' and mode 'text' @ https://cdn.jsdelivr.net/npm/katex@0.16.9/dist/katex.min.js:0
[    5314ms] [WARNING] No character metrics for '​' in style 'Main-Regular' and mode 'text' @ https://cdn.jsdelivr.net/npm/katex@0.16.9/dist/katex.min.js:0
[    5314ms] [WARNING] No character metrics for '​' in style 'Main-Regular' and mode 'text' @ https://cdn.jsdelivr.net/npm/katex@0.16.9/dist/katex.min.js:0
[    5314ms] [WARNING] No character metrics for '​' in style 'Main-Regular' and mode 'text' @ https://cdn.jsdelivr.net/npm/katex@0.16.9/dist/katex.min.js:0
[    5314ms] [WARNING] No character metrics for '​' in style 'Main-Regular' and mode 'text' @ https://cdn.jsdelivr.net/npm/katex@0.16.9/dist/katex.min.js:0
[    5315ms] [WARNING] LaTeX-incompatible input and strict mode is set to 'warn': Unrecognized Unicode character "⁡" (8289) [unknownSymbol] @ https://cdn.jsdelivr.net/npm/katex@0.16.9/dist/katex.min.js:0
[    5315ms] [WARNING] LaTeX-incompatible input and strict mode is set to 'warn': Unrecognized Unicode character " " (8201) [unknownSymbol] @ https://cdn.jsdelivr.net/npm/katex@0.16.9/dist/katex.min.js:0
[    5315ms] [WARNING] LaTeX-incompatible input and strict mode is set to 'warn': Unrecognized Unicode character "⁣" (8291) [unknownSymbol] @ https://cdn.jsdelivr.net/npm/katex@0.16.9/dist/katex.min.js:0
[    5315ms] [WARNING] LaTeX-incompatible input and strict mode is set to 'warn': Unrecognized Unicode character "⁡" (8289) [unknownSymbol] @ https://cdn.jsdelivr.net/npm/katex@0.16.9/dist/katex.min.js:0
[    5315ms] [WARNING] LaTeX-incompatible input and strict mode is set to 'warn': Unrecognized Unicode character "⁡" (8289) [unknownSymbol] @ https://cdn.jsdelivr.net/npm/katex@0.16.9/dist/katex.min.js:0
[    5315ms] [WARNING] LaTeX-incompatible input and strict mode is set to 'warn': Unrecognized Unicode character "​" (8203) [unknownSymbol] @ https://cdn.jsdelivr.net/npm/katex@0.16.9/dist/katex.min.js:0
[    5315ms] [WARNING] LaTeX-incompatible input and strict mode is set to 'warn': Unrecognized Unicode character "​" (8203) [unknownSymbol] @ https://cdn.jsdelivr.net/npm/katex@0.16.9/dist/katex.min.js:0
[    5315ms] [WARNING] LaTeX-incompatible input and strict mode is set to 'warn': Unrecognized Unicode character "​" (8203) [unknownSymbol] @ https://cdn.jsdelivr.net/npm/katex@0.16.9/dist/katex.min.js:0
[    5315ms] [WARNING] LaTeX-incompatible input and strict mode is set to 'warn': Unrecognized Unicode character "​" (8203) [unknownSymbol] @ https://cdn.jsdelivr.net/npm/katex@0.16.9/dist/katex.min.js:0
[    5315ms] [WARNING] LaTeX-incompatible input and strict mode is set to 'warn': Unrecognized Unicode character "​" (8203) [unknownSymbol] @ https://cdn.jsdelivr.net/npm/katex@0.16.9/dist/katex.min.js:0
[    5315ms] [WARNING] LaTeX-incompatible input and strict mode is set to 'warn': Unrecognized Unicode character "​" (8203) [unknownSymbol] @ https://cdn.jsdelivr.net/npm/katex@0.16.9/dist/katex.min.js:0
[    5315ms] [WARNING] LaTeX-incompatible input and strict mode is set to 'warn': Unrecognized Unicode character "​" (8203) [unknownSymbol] @ https://cdn.jsdelivr.net/npm/katex@0.16.9/dist/katex.min.js:0
[    5315ms] [WARNING] LaTeX-incompatible input and strict mode is set to 'warn': Unrecognized Unicode character "​" (8203) [unknownSymbol] @ https://cdn.jsdelivr.net/npm/katex@0.16.9/dist/katex.min.js:0
[    5315ms] [WARNING] LaTeX-incompatible input and strict mode is set to 'warn': Unrecognized Unicode character "​" (8203) [unknownSymbol] @ https://cdn.jsdelivr.net/npm/katex@0.16.9/dist/katex.min.js:0
[    5315ms] [WARNING] LaTeX-incompatible input and strict mode is set to 'warn': Unrecognized Unicode character "​" (8203) [unknownSymbol] @ https://cdn.jsdelivr.net/npm/katex@0.16.9/dist/katex.min.js:0
[    5315ms] [WARNING] LaTeX-incompatible input and strict mode is set to 'warn': Unrecognized Unicode character "​" (8203) [unknownSymbol] @ https://cdn.jsdelivr.net/npm/katex@0.16.9/dist/katex.min.js:0
[    5315ms] [WARNING] No character metrics for '⁡' in style 'Main-Regular' and mode 'text' @ https://cdn.jsdelivr.net/npm/katex@0.16.9/dist/katex.min.js:0
[    5315ms] [WARNING] No character metrics for ' ' in style 'Main-Regular' and mode 'text' @ https://cdn.jsdelivr.net/npm/katex@0.16.9/dist/katex.min.js:0
[    5315ms] [WARNING] No character metrics for '⁣' in style 'Main-Regular' and mode 'text' @ https://cdn.jsdelivr.net/npm/katex@0.16.9/dist/katex.min.js:0
[    5315ms] [WARNING] No character metrics for '⁡' in style 'Main-Regular' and mode 'text' @ https://cdn.jsdelivr.net/npm/katex@0.16.9/dist/katex.min.js:0
[    5315ms] [WARNING] No character metrics for '⁡' in style 'Main-Regular' and mode 'text' @ https://cdn.jsdelivr.net/npm/katex@0.16.9/dist/katex.min.js:0
[    5316ms] [WARNING] No character metrics for '​' in style 'Main-Regular' and mode 'text' @ https://cdn.jsdelivr.net/npm/katex@0.16.9/dist/katex.min.js:0
[    5316ms] [WARNING] No character metrics for '​' in style 'Main-Regular' and mode 'text' @ https://cdn.jsdelivr.net/npm/katex@0.16.9/dist/katex.min.js:0
[    5316ms] [WARNING] No character metrics for '​' in style 'Main-Regular' and mode 'text' @ https://cdn.jsdelivr.net/npm/katex@0.16.9/dist/katex.min.js:0
[    5316ms] [WARNING] No character metrics for '​' in style 'Main-Regular' and mode 'text' @ https://cdn.jsdelivr.net/npm/katex@0.16.9/dist/katex.min.js:0
[    5316ms] [WARNING] No character metrics for '​' in style 'Main-Regular' and mode 'text' @ https://cdn.jsdelivr.net/npm/katex@0.16.9/dist/katex.min.js:0
[    5316ms] [WARNING] No character metrics for '​' in style 'Main-Regular' and mode 'text' @ https://cdn.jsdelivr.net/npm/katex@0.16.9/dist/katex.min.js:0
[    5316ms] [WARNING] No character metrics for '​' in style 'Main-Regular' and mode 'text' @ https://cdn.jsdelivr.net/npm/katex@0.16.9/dist/katex.min.js:0
[    5316ms] [WARNING] No character metrics for '​' in style 'Main-Regular' and mode 'text' @ https://cdn.jsdelivr.net/npm/katex@0.16.9/dist/katex.min.js:0
[    5316ms] [WARNING] No character metrics for '​' in style 'Main-Regular' and mode 'text' @ https://cdn.jsdelivr.net/npm/katex@0.16.9/dist/katex.min.js:0
[    5316ms] [WARNING] No character metrics for '​' in style 'Main-Regular' and mode 'text' @ https://cdn.jsdelivr.net/npm/katex@0.16.9/dist/katex.min.js:0
[    5316ms] [WARNING] No character metrics for '​' in style 'Main-Regular' and mode 'text' @ https://cdn.jsdelivr.net/npm/katex@0.16.9/dist/katex.min.js:0
[    5317ms] [WARNING] LaTeX-incompatible input and strict mode is set to 'warn': Unrecognized Unicode character "​" (8203) [unknownSymbol] @ https://cdn.jsdelivr.net/npm/katex@0.16.9/dist/katex.min.js:0
[    5317ms] [WARNING] LaTeX-incompatible input and strict mode is set to 'warn': Unrecognized Unicode character "​" (8203) [unknownSymbol] @ https://cdn.jsdelivr.net/npm/katex@0.16.9/dist/katex.min.js:0
[    5317ms] [WARNING] LaTeX-incompatible input and strict mode is set to 'warn': Unrecognized Unicode character "​" (8203) [unknownSymbol] @ https://cdn.jsdelivr.net/npm/katex@0.16.9/dist/katex.min.js:0
[    5317ms] [WARNING] No character metrics for '​' in style 'Main-Regular' and mode 'text' @ https://cdn.jsdelivr.net/npm/katex@0.16.9/dist/katex.min.js:0
[    5317ms] [WARNING] No character metrics for '​' in style 'Main-Regular' and mode 'text' @ https://cdn.jsdelivr.net/npm/katex@0.16.9/dist/katex.min.js:0
[    5317ms] [WARNING] No character metrics for '​' in style 'Main-Regular' and mode 'text' @ https://cdn.jsdelivr.net/npm/katex@0.16.9/dist/katex.min.js:0
[    5318ms] [WARNING] LaTeX-incompatible input and strict mode is set to 'warn': Unrecognized Unicode character "​" (8203) [unknownSymbol] @ https://cdn.jsdelivr.net/npm/katex@0.16.9/dist/katex.min.js:0
[    5318ms] [WARNING] LaTeX-incompatible input and strict mode is set to 'warn': Unrecognized Unicode character "​" (8203) [unknownSymbol] @ https://cdn.jsdelivr.net/npm/katex@0.16.9/dist/katex.min.js:0
[    5318ms] [WARNING] LaTeX-incompatible input and strict mode is set to 'warn': Unrecognized Unicode character "​" (8203) [unknownSymbol] @ https://cdn.jsdelivr.net/npm/katex@0.16.9/dist/katex.min.js:0
[    5318ms] [WARNING] No character metrics for '​' in style 'Main-Regular' and mode 'text' @ https://cdn.jsdelivr.net/npm/katex@0.16.9/dist/katex.min.js:0
[    5318ms] [WARNING] No character metrics for '​' in style 'Main-Regular' and mode 'text' @ https://cdn.jsdelivr.net/npm/katex@0.16.9/dist/katex.min.js:0
[    5318ms] [WARNING] No character metrics for '​' in style 'Main-Regular' and mode 'text' @ https://cdn.jsdelivr.net/npm/katex@0.16.9/dist/katex.min.js:0
[    5318ms] [WARNING] LaTeX-incompatible input and strict mode is set to 'warn': Unrecognized Unicode character " " (8201) [unknownSymbol] @ https://cdn.jsdelivr.net/npm/katex@0.16.9/dist/katex.min.js:0
[    5318ms] [WARNING] LaTeX-incompatible input and strict mode is set to 'warn': Unrecognized Unicode character "⁣" (8291) [unknownSymbol] @ https://cdn.jsdelivr.net/npm/katex@0.16.9/dist/katex.min.js:0
[    5319ms] [WARNING] LaTeX-incompatible input and strict mode is set to 'warn': Unrecognized Unicode character "​" (8203) [unknownSymbol] @ https://cdn.jsdelivr.net/npm/katex@0.16.9/dist/katex.min.js:0
[    5319ms] [WARNING] LaTeX-incompatible input and strict mode is set to 'warn': Unrecognized Unicode character "​" (8203) [unknownSymbol] @ https://cdn.jsdelivr.net/npm/katex@0.16.9/dist/katex.min.js:0
[    5319ms] [WARNING] LaTeX-incompatible input and strict mode is set to 'warn': Unrecognized Unicode character "​" (8203) [unknownSymbol] @ https://cdn.jsdelivr.net/npm/katex@0.16.9/dist/katex.min.js:0
[    5319ms] [WARNING] No character metrics for ' ' in style 'Main-Regular' and mode 'text' @ https://cdn.jsdelivr.net/npm/katex@0.16.9/dist/katex.min.js:0
[    5319ms] [WARNING] No character metrics for '⁣' in style 'Main-Regular' and mode 'text' @ https://cdn.jsdelivr.net/npm/katex@0.16.9/dist/katex.min.js:0
[    5319ms] [WARNING] No character metrics for '​' in style 'Main-Regular' and mode 'text' @ https://cdn.jsdelivr.net/npm/katex@0.16.9/dist/katex.min.js:0
[    5319ms] [WARNING] No character metrics for '​' in style 'Main-Regular' and mode 'text' @ https://cdn.jsdelivr.net/npm/katex@0.16.9/dist/katex.min.js:0
[    5319ms] [WARNING] No character metrics for '​' in style 'Main-Regular' and mode 'text' @ https://cdn.jsdelivr.net/npm/katex@0.16.9/dist/katex.min.js:0
[    5319ms] [WARNING] LaTeX-incompatible input and strict mode is set to 'warn': Unrecognized Unicode character " " (8201) [unknownSymbol] @ https://cdn.jsdelivr.net/npm/katex@0.16.9/dist/katex.min.js:0
[    5319ms] [WARNING] LaTeX-incompatible input and strict mode is set to 'warn': Unrecognized Unicode character "⁣" (8291) [unknownSymbol] @ https://cdn.jsdelivr.net/npm/katex@0.16.9/dist/katex.min.js:0
[    5319ms] [WARNING] LaTeX-incompatible input and strict mode is set to 'warn': Unrecognized Unicode character "​" (8203) [unknownSymbol] @ https://cdn.jsdelivr.net/npm/katex@0.16.9/dist/katex.min.js:0
[    5319ms] [WARNING] LaTeX-incompatible input and strict mode is set to 'warn': Unrecognized Unicode character "​" (8203) [unknownSymbol] @ https://cdn.jsdelivr.net/npm/katex@0.16.9/dist/katex.min.js:0
[    5319ms] [WARNING] LaTeX-incompatible input and strict mode is set to 'warn': Unrecognized Unicode character "​" (8203) [unknownSymbol] @ https://cdn.jsdelivr.net/npm/katex@0.16.9/dist/katex.min.js:0
[    5319ms] [WARNING] No character metrics for ' ' in style 'Main-Regular' and mode 'text' @ https://cdn.jsdelivr.net/npm/katex@0.16.9/dist/katex.min.js:0
[    5319ms] [WARNING] No character metrics for '⁣' in style 'Main-Regular' and mode 'text' @ https://cdn.jsdelivr.net/npm/katex@0.16.9/dist/katex.min.js:0
[    5320ms] [WARNING] No character metrics for '​' in style 'Main-Regular' and mode 'text' @ https://cdn.jsdelivr.net/npm/katex@0.16.9/dist/katex.min.js:0
[    5320ms] [WARNING] No character metrics for '​' in style 'Main-Regular' and mode 'text' @ https://cdn.jsdelivr.net/npm/katex@0.16.9/dist/katex.min.js:0
[    5320ms] [WARNING] No character metrics for '​' in style 'Main-Regular' and mode 'text' @ https://cdn.jsdelivr.net/npm/katex@0.16.9/dist/katex.min.js:0
[    5320ms] [WARNING] LaTeX-incompatible input and strict mode is set to 'warn': Unrecognized Unicode character "​" (8203) [unknownSymbol] @ https://cdn.jsdelivr.net/npm/katex@0.16.9/dist/katex.min.js:0
[    5320ms] [WARNING] No character metrics for '​' in style 'Main-Regular' and mode 'text' @ https://cdn.jsdelivr.net/npm/katex@0.16.9/dist/katex.min.js:0
[    5320ms] [WARNING] LaTeX-incompatible input and strict mode is set to 'warn': Unrecognized Unicode character "​" (8203) [unknownSymbol] @ https://cdn.jsdelivr.net/npm/katex@0.16.9/dist/katex.min.js:0
[    5320ms] [WARNING] No character metrics for '​' in style 'Main-Regular' and mode 'text' @ https://cdn.jsdelivr.net/npm/katex@0.16.9/dist/katex.min.js:0
[    5321ms] [WARNING] LaTeX-incompatible input and strict mode is set to 'warn': Unrecognized Unicode character " " (8201) [unknownSymbol] @ https://cdn.jsdelivr.net/npm/katex@0.16.9/dist/katex.min.js:0
[    5321ms] [WARNING] LaTeX-incompatible input and strict mode is set to 'warn': Unrecognized Unicode character "⁣" (8291) [unknownSymbol] @ https://cdn.jsdelivr.net/npm/katex@0.16.9/dist/katex.min.js:0
[    5321ms] [WARNING] LaTeX-incompatible input and strict mode is set to 'warn': Unrecognized Unicode character "⁡" (8289) [unknownSymbol] @ https://cdn.jsdelivr.net/npm/katex@0.16.9/dist/katex.min.js:0
[    5321ms] [WARNING] LaTeX-incompatible input and strict mode is set to 'warn': Unrecognized Unicode character " " (8201) [unknownSymbol] @ https://cdn.jsdelivr.net/npm/katex@0.16.9/dist/katex.min.js:0
[    5321ms] [WARNING] LaTeX-incompatible input and strict mode is set to 'warn': Unrecognized Unicode character "⁣" (8291) [unknownSymbol] @ https://cdn.jsdelivr.net/npm/katex@0.16.9/dist/katex.min.js:0
[    5321ms] [WARNING] LaTeX-incompatible input and strict mode is set to 'warn': Unrecognized Unicode character "⁡" (8289) [unknownSymbol] @ https://cdn.jsdelivr.net/npm/katex@0.16.9/dist/katex.min.js:0
[    5321ms] [WARNING] LaTeX-incompatible input and strict mode is set to 'warn': Unrecognized Unicode character "⁡" (8289) [unknownSymbol] @ https://cdn.jsdelivr.net/npm/katex@0.16.9/dist/katex.min.js:0
[    5321ms] [WARNING] LaTeX-incompatible input and strict mode is set to 'warn': Unrecognized Unicode character "​" (8203) [unknownSymbol] @ https://cdn.jsdelivr.net/npm/katex@0.16.9/dist/katex.min.js:0
[    5321ms] [WARNING] LaTeX-incompatible input and strict mode is set to 'warn': Unrecognized Unicode character "​" (8203) [unknownSymbol] @ https://cdn.jsdelivr.net/npm/katex@0.16.9/dist/katex.min.js:0
[    5321ms] [WARNING] LaTeX-incompatible input and strict mode is set to 'warn': Unrecognized Unicode character "​" (8203) [unknownSymbol] @ https://cdn.jsdelivr.net/npm/katex@0.16.9/dist/katex.min.js:0
[    5321ms] [WARNING] LaTeX-incompatible input and strict mode is set to 'warn': Unrecognized Unicode character "​" (8203) [unknownSymbol] @ https://cdn.jsdelivr.net/npm/katex@0.16.9/dist/katex.min.js:0
[    5321ms] [WARNING] LaTeX-incompatible input and strict mode is set to 'warn': Unrecognized Unicode character "​" (8203) [unknownSymbol] @ https://cdn.jsdelivr.net/npm/katex@0.16.9/dist/katex.min.js:0
[    5321ms] [WARNING] LaTeX-incompatible input and strict mode is set to 'warn': Unrecognized Unicode character "​" (8203) [unknownSymbol] @ https://cdn.jsdelivr.net/npm/katex@0.16.9/dist/katex.min.js:0
[    5321ms] [WARNING] LaTeX-incompatible input and strict mode is set to 'warn': Unrecognized Unicode character "​" (8203) [unknownSymbol] @ https://cdn.jsdelivr.net/npm/katex@0.16.9/dist/katex.min.js:0
[    5321ms] [WARNING] LaTeX-incompatible input and strict mode is set to 'warn': Unrecognized Unicode character "​" (8203) [unknownSymbol] @ https://cdn.jsdelivr.net/npm/katex@0.16.9/dist/katex.min.js:0
[    5321ms] [WARNING] LaTeX-incompatible input and strict mode is set to 'warn': Unrecognized Unicode character "​" (8203) [unknownSymbol] @ https://cdn.jsdelivr.net/npm/katex@0.16.9/dist/katex.min.js:0
[    5321ms] [WARNING] LaTeX-incompatible input and strict mode is set to 'warn': Unrecognized Unicode character "​" (8203) [unknownSymbol] @ https://cdn.jsdelivr.net/npm/katex@0.16.9/dist/katex.min.js:0
[    5321ms] [WARNING] LaTeX-incompatible input and strict mode is set to 'warn': Unrecognized Unicode character "​" (8203) [unknownSymbol] @ https://cdn.jsdelivr.net/npm/katex@0.16.9/dist/katex.min.js:0
[    5321ms] [WARNING] No character metrics for ' ' in style 'Main-Regular' and mode 'text' @ https://cdn.jsdelivr.net/npm/katex@0.16.9/dist/katex.min.js:0
[    5321ms] [WARNING] No character metrics for '⁣' in style 'Main-Regular' and mode 'text' @ https://cdn.jsdelivr.net/npm/katex@0.16.9/dist/katex.min.js:0
[    5321ms] [WARNING] No character metrics for '⁡' in style 'Main-Regular' and mode 'text' @ https://cdn.jsdelivr.net/npm/katex@0.16.9/dist/katex.min.js:0
[    5321ms] [WARNING] No character metrics for ' ' in style 'Main-Regular' and mode 'text' @ https://cdn.jsdelivr.net/npm/katex@0.16.9/dist/katex.min.js:0
[    5321ms] [WARNING] No character metrics for '⁣' in style 'Main-Regular' and mode 'text' @ https://cdn.jsdelivr.net/npm/katex@0.16.9/dist/katex.min.js:0
[    5321ms] [WARNING] No character metrics for '⁡' in style 'Main-Regular' and mode 'text' @ https://cdn.jsdelivr.net/npm/katex@0.16.9/dist/katex.min.js:0
[    5321ms] [WARNING] No character metrics for '⁡' in style 'Main-Regular' and mode 'text' @ https://cdn.jsdelivr.net/npm/katex@0.16.9/dist/katex.min.js:0
[    5322ms] [WARNING] No character metrics for '​' in style 'Main-Regular' and mode 'text' @ https://cdn.jsdelivr.net/npm/katex@0.16.9/dist/katex.min.js:0
[    5322ms] [WARNING] No character metrics for '​' in style 'Main-Regular' and mode 'text' @ https://cdn.jsdelivr.net/npm/katex@0.16.9/dist/katex.min.js:0
[    5322ms] [WARNING] No character metrics for '​' in style 'Main-Regular' and mode 'text' @ https://cdn.jsdelivr.net/npm/katex@0.16.9/dist/katex.min.js:0
[    5322ms] [WARNING] No character metrics for '​' in style 'Main-Regular' and mode 'text' @ https://cdn.jsdelivr.net/npm/katex@0.16.9/dist/katex.min.js:0
[    5322ms] [WARNING] No character metrics for '​' in style 'Main-Regular' and mode 'text' @ https://cdn.jsdelivr.net/npm/katex@0.16.9/dist/katex.min.js:0
[    5322ms] [WARNING] No character metrics for '​' in style 'Main-Regular' and mode 'text' @ https://cdn.jsdelivr.net/npm/katex@0.16.9/dist/katex.min.js:0
[    5322ms] [WARNING] No character metrics for '​' in style 'Main-Regular' and mode 'text' @ https://cdn.jsdelivr.net/npm/katex@0.16.9/dist/katex.min.js:0
[    5322ms] [WARNING] No character metrics for '​' in style 'Main-Regular' and mode 'text' @ https://cdn.jsdelivr.net/npm/katex@0.16.9/dist/katex.min.js:0
[    5322ms] [WARNING] No character metrics for '​' in style 'Main-Regular' and mode 'text' @ https://cdn.jsdelivr.net/npm/katex@0.16.9/dist/katex.min.js:0
[    5322ms] [WARNING] No character metrics for '​' in style 'Main-Regular' and mode 'text' @ https://cdn.jsdelivr.net/npm/katex@0.16.9/dist/katex.min.js:0
[    5322ms] [WARNING] No character metrics for '​' in style 'Main-Regular' and mode 'text' @ https://cdn.jsdelivr.net/npm/katex@0.16.9/dist/katex.min.js:0
[    5323ms] [WARNING] LaTeX-incompatible input and strict mode is set to 'warn': Unrecognized Unicode character " " (8201) [unknownSymbol] @ https://cdn.jsdelivr.net/npm/katex@0.16.9/dist/katex.min.js:0
[    5323ms] [WARNING] LaTeX-incompatible input and strict mode is set to 'warn': Unrecognized Unicode character "⁣" (8291) [unknownSymbol] @ https://cdn.jsdelivr.net/npm/katex@0.16.9/dist/katex.min.js:0
[    5323ms] [WARNING] LaTeX-incompatible input and strict mode is set to 'warn': Unrecognized Unicode character "⁡" (8289) [unknownSymbol] @ https://cdn.jsdelivr.net/npm/katex@0.16.9/dist/katex.min.js:0
[    5323ms] [WARNING] LaTeX-incompatible input and strict mode is set to 'warn': Unrecognized Unicode character " " (8201) [unknownSymbol] @ https://cdn.jsdelivr.net/npm/katex@0.16.9/dist/katex.min.js:0
[    5323ms] [WARNING] LaTeX-incompatible input and strict mode is set to 'warn': Unrecognized Unicode character "⁣" (8291) [unknownSymbol] @ https://cdn.jsdelivr.net/npm/katex@0.16.9/dist/katex.min.js:0
[    5323ms] [WARNING] LaTeX-incompatible input and strict mode is set to 'warn': Unrecognized Unicode character "⁡" (8289) [unknownSymbol] @ https://cdn.jsdelivr.net/npm/katex@0.16.9/dist/katex.min.js:0
[    5323ms] [WARNING] LaTeX-incompatible input and strict mode is set to 'warn': Unrecognized Unicode character "⁡" (8289) [unknownSymbol] @ https://cdn.jsdelivr.net/npm/katex@0.16.9/dist/katex.min.js:0
[    5323ms] [WARNING] LaTeX-incompatible input and strict mode is set to 'warn': Unrecognized Unicode character "​" (8203) [unknownSymbol] @ https://cdn.jsdelivr.net/npm/katex@0.16.9/dist/katex.min.js:0
[    5323ms] [WARNING] LaTeX-incompatible input and strict mode is set to 'warn': Unrecognized Unicode character "​" (8203) [unknownSymbol] @ https://cdn.jsdelivr.net/npm/katex@0.16.9/dist/katex.min.js:0
[    5323ms] [WARNING] LaTeX-incompatible input and strict mode is set to 'warn': Unrecognized Unicode character "​" (8203) [unknownSymbol] @ https://cdn.jsdelivr.net/npm/katex@0.16.9/dist/katex.min.js:0
[    5323ms] [WARNING] LaTeX-incompatible input and strict mode is set to 'warn': Unrecognized Unicode character "​" (8203) [unknownSymbol] @ https://cdn.jsdelivr.net/npm/katex@0.16.9/dist/katex.min.js:0
[    5323ms] [WARNING] LaTeX-incompatible input and strict mode is set to 'warn': Unrecognized Unicode character "​" (8203) [unknownSymbol] @ https://cdn.jsdelivr.net/npm/katex@0.16.9/dist/katex.min.js:0
[    5323ms] [WARNING] LaTeX-incompatible input and strict mode is set to 'warn': Unrecognized Unicode character "​" (8203) [unknownSymbol] @ https://cdn.jsdelivr.net/npm/katex@0.16.9/dist/katex.min.js:0
[    5323ms] [WARNING] LaTeX-incompatible input and strict mode is set to 'warn': Unrecognized Unicode character "​" (8203) [unknownSymbol] @ https://cdn.jsdelivr.net/npm/katex@0.16.9/dist/katex.min.js:0
[    5323ms] [WARNING] LaTeX-incompatible input and strict mode is set to 'warn': Unrecognized Unicode character "​" (8203) [unknownSymbol] @ https://cdn.jsdelivr.net/npm/katex@0.16.9/dist/katex.min.js:0
[    5323ms] [WARNING] LaTeX-incompatible input and strict mode is set to 'warn': Unrecognized Unicode character "​" (8203) [unknownSymbol] @ https://cdn.jsdelivr.net/npm/katex@0.16.9/dist/katex.min.js:0
[    5323ms] [WARNING] LaTeX-incompatible input and strict mode is set to 'warn': Unrecognized Unicode character "​" (8203) [unknownSymbol] @ https://cdn.jsdelivr.net/npm/katex@0.16.9/dist/katex.min.js:0
[    5323ms] [WARNING] LaTeX-incompatible input and strict mode is set to 'warn': Unrecognized Unicode character "​" (8203) [unknownSymbol] @ https://cdn.jsdelivr.net/npm/katex@0.16.9/dist/katex.min.js:0
[    5323ms] [WARNING] No character metrics for ' ' in style 'Main-Regular' and mode 'text' @ https://cdn.jsdelivr.net/npm/katex@0.16.9/dist/katex.min.js:0
[    5323ms] [WARNING] No character metrics for '⁣' in style 'Main-Regular' and mode 'text' @ https://cdn.jsdelivr.net/npm/katex@0.16.9/dist/katex.min.js:0
[    5323ms] [WARNING] No character metrics for '⁡' in style 'Main-Regular' and mode 'text' @ https://cdn.jsdelivr.net/npm/katex@0.16.9/dist/katex.min.js:0
[    5323ms] [WARNING] No character metrics for ' ' in style 'Main-Regular' and mode 'text' @ https://cdn.jsdelivr.net/npm/katex@0.16.9/dist/katex.min.js:0
[    5323ms] [WARNING] No character metrics for '⁣' in style 'Main-Regular' and mode 'text' @ https://cdn.jsdelivr.net/npm/katex@0.16.9/dist/katex.min.js:0
[    5323ms] [WARNING] No character metrics for '⁡' in style 'Main-Regular' and mode 'text' @ https://cdn.jsdelivr.net/npm/katex@0.16.9/dist/katex.min.js:0
[    5323ms] [WARNING] No character metrics for '⁡' in style 'Main-Regular' and mode 'text' @ https://cdn.jsdelivr.net/npm/katex@0.16.9/dist/katex.min.js:0
[    5324ms] [WARNING] No character metrics for '​' in style 'Main-Regular' and mode 'text' @ https://cdn.jsdelivr.net/npm/katex@0.16.9/dist/katex.min.js:0
[    5324ms] [WARNING] No character metrics for '​' in style 'Main-Regular' and mode 'text' @ https://cdn.jsdelivr.net/npm/katex@0.16.9/dist/katex.min.js:0
[    5324ms] [WARNING] No character metrics for '​' in style 'Main-Regular' and mode 'text' @ https://cdn.jsdelivr.net/npm/katex@0.16.9/dist/katex.min.js:0
[    5324ms] [WARNING] No character metrics for '​' in style 'Main-Regular' and mode 'text' @ https://cdn.jsdelivr.net/npm/katex@0.16.9/dist/katex.min.js:0
[    5324ms] [WARNING] No character metrics for '​' in style 'Main-Regular' and mode 'text' @ https://cdn.jsdelivr.net/npm/katex@0.16.9/dist/katex.min.js:0
[    5324ms] [WARNING] No character metrics for '​' in style 'Main-Regular' and mode 'text' @ https://cdn.jsdelivr.net/npm/katex@0.16.9/dist/katex.min.js:0
[    5324ms] [WARNING] No character metrics for '​' in style 'Main-Regular' and mode 'text' @ https://cdn.jsdelivr.net/npm/katex@0.16.9/dist/katex.min.js:0
[    5324ms] [WARNING] No character metrics for '​' in style 'Main-Regular' and mode 'text' @ https://cdn.jsdelivr.net/npm/katex@0.16.9/dist/katex.min.js:0
[    5324ms] [WARNING] No character metrics for '​' in style 'Main-Regular' and mode 'text' @ https://cdn.jsdelivr.net/npm/katex@0.16.9/dist/katex.min.js:0
[    5324ms] [WARNING] No character metrics for '​' in style 'Main-Regular' and mode 'text' @ https://cdn.jsdelivr.net/npm/katex@0.16.9/dist/katex.min.js:0
[    5324ms] [WARNING] No character metrics for '​' in style 'Main-Regular' and mode 'text' @ https://cdn.jsdelivr.net/npm/katex@0.16.9/dist/katex.min.js:0
[    5325ms] [WARNING] LaTeX-incompatible input and strict mode is set to 'warn': Unrecognized Unicode character " " (160) [unknownSymbol] @ https://cdn.jsdelivr.net/npm/katex@0.16.9/dist/katex.min.js:0
[    5325ms] [WARNING] LaTeX-incompatible input and strict mode is set to 'warn': Unrecognized Unicode character "​" (8203) [unknownSymbol] @ https://cdn.jsdelivr.net/npm/katex@0.16.9/dist/katex.min.js:0
[    5325ms] [WARNING] LaTeX-incompatible input and strict mode is set to 'warn': Unrecognized Unicode character "​" (8203) [unknownSymbol] @ https://cdn.jsdelivr.net/npm/katex@0.16.9/dist/katex.min.js:0
[    5325ms] [WARNING] LaTeX-incompatible input and strict mode is set to 'warn': Unrecognized Unicode character "​" (8203) [unknownSymbol] @ https://cdn.jsdelivr.net/npm/katex@0.16.9/dist/katex.min.js:0
[    5325ms] [WARNING] LaTeX-incompatible input and strict mode is set to 'warn': Unrecognized Unicode character " " (160) [unknownSymbol] @ https://cdn.jsdelivr.net/npm/katex@0.16.9/dist/katex.min.js:0
[    5325ms] [WARNING] No character metrics for '​' in style 'Main-Regular' and mode 'text' @ https://cdn.jsdelivr.net/npm/katex@0.16.9/dist/katex.min.js:0
[    5325ms] [WARNING] No character metrics for '​' in style 'Main-Regular' and mode 'text' @ https://cdn.jsdelivr.net/npm/katex@0.16.9/dist/katex.min.js:0
[    5325ms] [WARNING] No character metrics for '​' in style 'Main-Regular' and mode 'text' @ https://cdn.jsdelivr.net/npm/katex@0.16.9/dist/katex.min.js:0
[    5326ms] [WARNING] LaTeX-incompatible input and strict mode is set to 'warn': Unrecognized Unicode character " " (160) [unknownSymbol] @ https://cdn.jsdelivr.net/npm/katex@0.16.9/dist/katex.min.js:0
[    5326ms] [WARNING] LaTeX-incompatible input and strict mode is set to 'warn': Unrecognized Unicode character "​" (8203) [unknownSymbol] @ https://cdn.jsdelivr.net/npm/katex@0.16.9/dist/katex.min.js:0
[    5326ms] [WARNING] LaTeX-incompatible input and strict mode is set to 'warn': Unrecognized Unicode character "​" (8203) [unknownSymbol] @ https://cdn.jsdelivr.net/npm/katex@0.16.9/dist/katex.min.js:0
[    5326ms] [WARNING] LaTeX-incompatible input and strict mode is set to 'warn': Unrecognized Unicode character "​" (8203) [unknownSymbol] @ https://cdn.jsdelivr.net/npm/katex@0.16.9/dist/katex.min.js:0
[    5326ms] [WARNING] LaTeX-incompatible input and strict mode is set to 'warn': Unrecognized Unicode character " " (160) [unknownSymbol] @ https://cdn.jsdelivr.net/npm/katex@0.16.9/dist/katex.min.js:0
[    5326ms] [WARNING] No character metrics for '​' in style 'Main-Regular' and mode 'text' @ https://cdn.jsdelivr.net/npm/katex@0.16.9/dist/katex.min.js:0
[    5326ms] [WARNING] No character metrics for '​' in style 'Main-Regular' and mode 'text' @ https://cdn.jsdelivr.net/npm/katex@0.16.9/dist/katex.min.js:0
[    5326ms] [WARNING] No character metrics for '​' in style 'Main-Regular' and mode 'text' @ https://cdn.jsdelivr.net/npm/katex@0.16.9/dist/katex.min.js:0
[    5327ms] [WARNING] LaTeX-incompatible input and strict mode is set to 'warn': Unrecognized Unicode character " " (8201) [unknownSymbol] @ https://cdn.jsdelivr.net/npm/katex@0.16.9/dist/katex.min.js:0
[    5327ms] [WARNING] LaTeX-incompatible input and strict mode is set to 'warn': Unrecognized Unicode character "⁣" (8291) [unknownSymbol] @ https://cdn.jsdelivr.net/npm/katex@0.16.9/dist/katex.min.js:0
[    5327ms] [WARNING] LaTeX-incompatible input and strict mode is set to 'warn': Unrecognized Unicode character "​" (8203) [unknownSymbol] @ https://cdn.jsdelivr.net/npm/katex@0.16.9/dist/katex.min.js:0
[    5327ms] [WARNING] LaTeX-incompatible input and strict mode is set to 'warn': Unrecognized Unicode character "​" (8203) [unknownSymbol] @ https://cdn.jsdelivr.net/npm/katex@0.16.9/dist/katex.min.js:0
[    5327ms] [WARNING] LaTeX-incompatible input and strict mode is set to 'warn': Unrecognized Unicode character "​" (8203) [unknownSymbol] @ https://cdn.jsdelivr.net/npm/katex@0.16.9/dist/katex.min.js:0
[    5327ms] [WARNING] No character metrics for ' ' in style 'Main-Regular' and mode 'text' @ https://cdn.jsdelivr.net/npm/katex@0.16.9/dist/katex.min.js:0
[    5327ms] [WARNING] No character metrics for '⁣' in style 'Main-Regular' and mode 'text' @ https://cdn.jsdelivr.net/npm/katex@0.16.9/dist/katex.min.js:0
[    5327ms] [WARNING] No character metrics for '​' in style 'Main-Regular' and mode 'text' @ https://cdn.jsdelivr.net/npm/katex@0.16.9/dist/katex.min.js:0
[    5327ms] [WARNING] No character metrics for '​' in style 'Main-Regular' and mode 'text' @ https://cdn.jsdelivr.net/npm/katex@0.16.9/dist/katex.min.js:0
[    5327ms] [WARNING] No character metrics for '​' in style 'Main-Regular' and mode 'text' @ https://cdn.jsdelivr.net/npm/katex@0.16.9/dist/katex.min.js:0
[    5327ms] [WARNING] LaTeX-incompatible input and strict mode is set to 'warn': Unrecognized Unicode character " " (8201) [unknownSymbol] @ https://cdn.jsdelivr.net/npm/katex@0.16.9/dist/katex.min.js:0
[    5327ms] [WARNING] LaTeX-incompatible input and strict mode is set to 'warn': Unrecognized Unicode character "⁣" (8291) [unknownSymbol] @ https://cdn.jsdelivr.net/npm/katex@0.16.9/dist/katex.min.js:0
[    5328ms] [WARNING] LaTeX-incompatible input and strict mode is set to 'warn': Unrecognized Unicode character "​" (8203) [unknownSymbol] @ https://cdn.jsdelivr.net/npm/katex@0.16.9/dist/katex.min.js:0
[    5328ms] [WARNING] LaTeX-incompatible input and strict mode is set to 'warn': Unrecognized Unicode character "​" (8203) [unknownSymbol] @ https://cdn.jsdelivr.net/npm/katex@0.16.9/dist/katex.min.js:0
[    5328ms] [WARNING] LaTeX-incompatible input and strict mode is set to 'warn': Unrecognized Unicode character "​" (8203) [unknownSymbol] @ https://cdn.jsdelivr.net/npm/katex@0.16.9/dist/katex.min.js:0
[    5328ms] [WARNING] No character metrics for ' ' in style 'Main-Regular' and mode 'text' @ https://cdn.jsdelivr.net/npm/katex@0.16.9/dist/katex.min.js:0
[    5328ms] [WARNING] No character metrics for '⁣' in style 'Main-Regular' and mode 'text' @ https://cdn.jsdelivr.net/npm/katex@0.16.9/dist/katex.min.js:0
[    5328ms] [WARNING] No character metrics for '​' in style 'Main-Regular' and mode 'text' @ https://cdn.jsdelivr.net/npm/katex@0.16.9/dist/katex.min.js:0
[    5328ms] [WARNING] No character metrics for '​' in style 'Main-Regular' and mode 'text' @ https://cdn.jsdelivr.net/npm/katex@0.16.9/dist/katex.min.js:0
[    5328ms] [WARNING] No character metrics for '​' in style 'Main-Regular' and mode 'text' @ https://cdn.jsdelivr.net/npm/katex@0.16.9/dist/katex.min.js:0
[    5328ms] [WARNING] LaTeX-incompatible input and strict mode is set to 'warn': Unrecognized Unicode character "​" (8203) [unknownSymbol] @ https://cdn.jsdelivr.net/npm/katex@0.16.9/dist/katex.min.js:0
[    5328ms] [WARNING] LaTeX-incompatible input and strict mode is set to 'warn': Unrecognized Unicode character "​" (8203) [unknownSymbol] @ https://cdn.jsdelivr.net/npm/katex@0.16.9/dist/katex.min.js:0
[    5328ms] [WARNING] LaTeX-incompatible input and strict mode is set to 'warn': Unrecognized Unicode character "​" (8203) [unknownSymbol] @ https://cdn.jsdelivr.net/npm/katex@0.16.9/dist/katex.min.js:0
[    5328ms] [WARNING] No character metrics for '​' in style 'Main-Regular' and mode 'text' @ https://cdn.jsdelivr.net/npm/katex@0.16.9/dist/katex.min.js:0
[    5328ms] [WARNING] No character metrics for '​' in style 'Main-Regular' and mode 'text' @ https://cdn.jsdelivr.net/npm/katex@0.16.9/dist/katex.min.js:0
[    5328ms] [WARNING] No character metrics for '​' in style 'Main-Regular' and mode 'text' @ https://cdn.jsdelivr.net/npm/katex@0.16.9/dist/katex.min.js:0
[    5329ms] [WARNING] LaTeX-incompatible input and strict mode is set to 'warn': Unrecognized Unicode character "​" (8203) [unknownSymbol] @ https://cdn.jsdelivr.net/npm/katex@0.16.9/dist/katex.min.js:0
[    5329ms] [WARNING] No character metrics for '​' in style 'Main-Regular' and mode 'text' @ https://cdn.jsdelivr.net/npm/katex@0.16.9/dist/katex.min.js:0
[    5329ms] [WARNING] LaTeX-incompatible input and strict mode is set to 'warn': Unrecognized Unicode character "​" (8203) [unknownSymbol] @ https://cdn.jsdelivr.net/npm/katex@0.16.9/dist/katex.min.js:0
[    5329ms] [WARNING] No character metrics for '​' in style 'Main-Regular' and mode 'text' @ https://cdn.jsdelivr.net/npm/katex@0.16.9/dist/katex.min.js:0
[    5329ms] [WARNING] LaTeX-incompatible input and strict mode is set to 'warn': Unrecognized Unicode character "​" (8203) [unknownSymbol] @ https://cdn.jsdelivr.net/npm/katex@0.16.9/dist/katex.min.js:0
[    5329ms] [WARNING] No character metrics for '​' in style 'Main-Regular' and mode 'text' @ https://cdn.jsdelivr.net/npm/katex@0.16.9/dist/katex.min.js:0
[    5330ms] [WARNING] LaTeX-incompatible input and strict mode is set to 'warn': Unrecognized Unicode character "​" (8203) [unknownSymbol] @ https://cdn.jsdelivr.net/npm/katex@0.16.9/dist/katex.min.js:0
[    5330ms] [WARNING] No character metrics for '​' in style 'Main-Regular' and mode 'text' @ https://cdn.jsdelivr.net/npm/katex@0.16.9/dist/katex.min.js:0
[    5330ms] [WARNING] LaTeX-incompatible input and strict mode is set to 'warn': Unrecognized Unicode character "​" (8203) [unknownSymbol] @ https://cdn.jsdelivr.net/npm/katex@0.16.9/dist/katex.min.js:0
[    5330ms] [WARNING] No character metrics for '​' in style 'Main-Regular' and mode 'text' @ https://cdn.jsdelivr.net/npm/katex@0.16.9/dist/katex.min.js:0
[    5330ms] [WARNING] LaTeX-incompatible input and strict mode is set to 'warn': Unrecognized Unicode character "​" (8203) [unknownSymbol] @ https://cdn.jsdelivr.net/npm/katex@0.16.9/dist/katex.min.js:0
[    5330ms] [WARNING] No character metrics for '​' in style 'Main-Regular' and mode 'text' @ https://cdn.jsdelivr.net/npm/katex@0.16.9/dist/katex.min.js:0
[    5331ms] [WARNING] LaTeX-incompatible input and strict mode is set to 'warn': Unrecognized Unicode character "​" (8203) [unknownSymbol] @ https://cdn.jsdelivr.net/npm/katex@0.16.9/dist/katex.min.js:0
[    5331ms] [WARNING] LaTeX-incompatible input and strict mode is set to 'warn': Unrecognized Unicode character "​" (8203) [unknownSymbol] @ https://cdn.jsdelivr.net/npm/katex@0.16.9/dist/katex.min.js:0
[    5331ms] [WARNING] No character metrics for '​' in style 'Main-Regular' and mode 'text' @ https://cdn.jsdelivr.net/npm/katex@0.16.9/dist/katex.min.js:0
[    5331ms] [WARNING] No character metrics for '​' in style 'Main-Regular' and mode 'text' @ https://cdn.jsdelivr.net/npm/katex@0.16.9/dist/katex.min.js:0
[    5331ms] [WARNING] LaTeX-incompatible input and strict mode is set to 'warn': Unrecognized Unicode character "​" (8203) [unknownSymbol] @ https://cdn.jsdelivr.net/npm/katex@0.16.9/dist/katex.min.js:0
[    5331ms] [WARNING] LaTeX-incompatible input and strict mode is set to 'warn': Unrecognized Unicode character "​" (8203) [unknownSymbol] @ https://cdn.jsdelivr.net/npm/katex@0.16.9/dist/katex.min.js:0
[    5331ms] [WARNING] LaTeX-incompatible input and strict mode is set to 'warn': Unrecognized Unicode character "​" (8203) [unknownSymbol] @ https://cdn.jsdelivr.net/npm/katex@0.16.9/dist/katex.min.js:0
[    5331ms] [WARNING] No character metrics for '​' in style 'Main-Regular' and mode 'text' @ https://cdn.jsdelivr.net/npm/katex@0.16.9/dist/katex.min.js:0
[    5331ms] [WARNING] No character metrics for '​' in style 'Main-Regular' and mode 'text' @ https://cdn.jsdelivr.net/npm/katex@0.16.9/dist/katex.min.js:0
[    5331ms] [WARNING] No character metrics for '​' in style 'Main-Regular' and mode 'text' @ https://cdn.jsdelivr.net/npm/katex@0.16.9/dist/katex.min.js:0
[    5331ms] [WARNING] LaTeX-incompatible input and strict mode is set to 'warn': Unrecognized Unicode character "​" (8203) [unknownSymbol] @ https://cdn.jsdelivr.net/npm/katex@0.16.9/dist/katex.min.js:0
[    5331ms] [WARNING] No character metrics for '​' in style 'Main-Regular' and mode 'text' @ https://cdn.jsdelivr.net/npm/katex@0.16.9/dist/katex.min.js:0
[    5331ms] [WARNING] LaTeX-incompatible input and strict mode is set to 'warn': Unrecognized Unicode character "​" (8203) [unknownSymbol] @ https://cdn.jsdelivr.net/npm/katex@0.16.9/dist/katex.min.js:0
[    5331ms] [WARNING] No character metrics for '​' in style 'Main-Regular' and mode 'text' @ https://cdn.jsdelivr.net/npm/katex@0.16.9/dist/katex.min.js:0
[    5331ms] [WARNING] LaTeX-incompatible input and strict mode is set to 'warn': Unrecognized Unicode character "​" (8203) [unknownSymbol] @ https://cdn.jsdelivr.net/npm/katex@0.16.9/dist/katex.min.js:0
[    5332ms] [WARNING] No character metrics for '​' in style 'Main-Regular' and mode 'text' @ https://cdn.jsdelivr.net/npm/katex@0.16.9/dist/katex.min.js:0
[    5332ms] [WARNING] LaTeX-incompatible input and strict mode is set to 'warn': Unrecognized Unicode character "​" (8203) [unknownSymbol] @ https://cdn.jsdelivr.net/npm/katex@0.16.9/dist/katex.min.js:0
[    5332ms] [WARNING] No character metrics for '​' in style 'Main-Regular' and mode 'text' @ https://cdn.jsdelivr.net/npm/katex@0.16.9/dist/katex.min.js:0
[    5332ms] [WARNING] LaTeX-incompatible input and strict mode is set to 'warn': Unrecognized Unicode character "​" (8203) [unknownSymbol] @ https://cdn.jsdelivr.net/npm/katex@0.16.9/dist/katex.min.js:0
[    5332ms] [WARNING] No character metrics for '​' in style 'Main-Regular' and mode 'text' @ https://cdn.jsdelivr.net/npm/katex@0.16.9/dist/katex.min.js:0
[    5332ms] [WARNING] LaTeX-incompatible input and strict mode is set to 'warn': Unrecognized Unicode character "​" (8203) [unknownSymbol] @ https://cdn.jsdelivr.net/npm/katex@0.16.9/dist/katex.min.js:0
[    5332ms] [WARNING] No character metrics for '​' in style 'Main-Regular' and mode 'text' @ https://cdn.jsdelivr.net/npm/katex@0.16.9/dist/katex.min.js:0
[    5332ms] [WARNING] LaTeX-incompatible input and strict mode is set to 'warn': Unrecognized Unicode character "​" (8203) [unknownSymbol] @ https://cdn.jsdelivr.net/npm/katex@0.16.9/dist/katex.min.js:0
[    5332ms] [WARNING] LaTeX-incompatible input and strict mode is set to 'warn': Unrecognized Unicode character "​" (8203) [unknownSymbol] @ https://cdn.jsdelivr.net/npm/katex@0.16.9/dist/katex.min.js:0
[    5332ms] [WARNING] No character metrics for '​' in style 'Main-Regular' and mode 'text' @ https://cdn.jsdelivr.net/npm/katex@0.16.9/dist/katex.min.js:0
[    5332ms] [WARNING] No character metrics for '​' in style 'Main-Regular' and mode 'text' @ https://cdn.jsdelivr.net/npm/katex@0.16.9/dist/katex.min.js:0
